2025-04-06T23:24:38.085+05:30  INFO 23996 --- [main] com.sevasangam.SevaSangamApplication     : Starting SevaSangamApplication using Java 21.0.4 with PID 23996 (D:\study material\CEP\Project\seva-sangam-backend\SEVASANGAM\target\classes started by vikas in D:\study material\CEP\Project\seva-sangam-backend\SEVASANGAM)
2025-04-06T23:24:38.088+05:30  INFO 23996 --- [main] com.sevasangam.SevaSangamApplication     : No active profile set, falling back to 1 default profile: "default"
2025-04-06T23:24:38.837+05:30  INFO 23996 --- [main] .s.d.r.c.RepositoryConfigurationDelegate : Bootstrapping Spring Data JPA repositories in DEFAULT mode.
2025-04-06T23:24:38.918+05:30  INFO 23996 --- [main] .s.d.r.c.RepositoryConfigurationDelegate : Finished Spring Data repository scanning in 51 ms. Found 5 JPA repository interfaces.
2025-04-06T23:24:39.318+05:30  WARN 23996 --- [main] ConfigServletWebServerApplicationContext : Exception encountered during context initialization - cancelling refresh attempt: org.springframework.context.ApplicationContextException: Unable to start web server
2025-04-06T23:24:39.328+05:30  INFO 23996 --- [main] .s.b.a.l.ConditionEvaluationReportLogger : 

Error starting ApplicationContext. To display the condition evaluation report re-run your application with 'debug' enabled.
2025-04-06T23:24:39.361+05:30 ERROR 23996 --- [main] o.s.b.d.LoggingFailureAnalysisReporter   : 

***************************
APPLICATION FAILED TO START
***************************

Description:

Failed to bind properties under 'server.error.include-stacktrace' to org.springframework.boot.autoconfigure.web.ErrorProperties$IncludeAttribute:

    Property: server.error.include-stacktrace
    Value: "on_trace_param"
    Origin: class path resource [application.properties] - 41:33
    Reason: failed to convert java.lang.String to org.springframework.boot.autoconfigure.web.ErrorProperties$IncludeAttribute (caused by java.lang.IllegalArgumentException: No enum constant org.springframework.boot.autoconfigure.web.ErrorProperties.IncludeAttribute.on_trace_param)

Action:

Update your application's configuration. The following values are valid:

    ALWAYS
    NEVER
    ON_PARAM

2025-04-06T23:26:09.656+05:30  INFO 12712 --- [main] com.sevasangam.SevaSangamApplication     : Starting SevaSangamApplication using Java 21.0.4 with PID 12712 (D:\study material\CEP\Project\seva-sangam-backend\SEVASANGAM\target\classes started by vikas in D:\study material\CEP\Project\seva-sangam-backend\SEVASANGAM)
2025-04-06T23:26:09.658+05:30  INFO 12712 --- [main] com.sevasangam.SevaSangamApplication     : No active profile set, falling back to 1 default profile: "default"
2025-04-06T23:26:10.488+05:30  INFO 12712 --- [main] .s.d.r.c.RepositoryConfigurationDelegate : Bootstrapping Spring Data JPA repositories in DEFAULT mode.
2025-04-06T23:26:10.557+05:30  INFO 12712 --- [main] .s.d.r.c.RepositoryConfigurationDelegate : Finished Spring Data repository scanning in 57 ms. Found 5 JPA repository interfaces.
2025-04-06T23:26:10.999+05:30  WARN 12712 --- [main] ConfigServletWebServerApplicationContext : Exception encountered during context initialization - cancelling refresh attempt: org.springframework.context.ApplicationContextException: Unable to start web server
2025-04-06T23:26:11.014+05:30  INFO 12712 --- [main] .s.b.a.l.ConditionEvaluationReportLogger : 

Error starting ApplicationContext. To display the condition evaluation report re-run your application with 'debug' enabled.
2025-04-06T23:26:11.033+05:30 ERROR 12712 --- [main] o.s.b.d.LoggingFailureAnalysisReporter   : 

***************************
APPLICATION FAILED TO START
***************************

Description:

Failed to bind properties under 'server.error.include-stacktrace' to org.springframework.boot.autoconfigure.web.ErrorProperties$IncludeAttribute:

    Property: server.error.include-stacktrace
    Value: "always  # Changed from invalid 'on_trace_param' to 'always'"
    Origin: class path resource [application.properties] - 39:33
    Reason: failed to convert java.lang.String to org.springframework.boot.autoconfigure.web.ErrorProperties$IncludeAttribute (caused by java.lang.IllegalArgumentException: No enum constant org.springframework.boot.autoconfigure.web.ErrorProperties.IncludeAttribute.always  # Changed from invalid 'on_trace_param' to 'always')

Action:

Update your application's configuration. The following values are valid:

    ALWAYS
    NEVER
    ON_PARAM

2025-04-06T23:27:56.856+05:30  INFO 21724 --- [main] com.sevasangam.SevaSangamApplication     : Starting SevaSangamApplication using Java 21.0.4 with PID 21724 (D:\study material\CEP\Project\seva-sangam-backend\SEVASANGAM\target\classes started by vikas in D:\study material\CEP\Project\seva-sangam-backend\SEVASANGAM)
2025-04-06T23:27:56.858+05:30  INFO 21724 --- [main] com.sevasangam.SevaSangamApplication     : No active profile set, falling back to 1 default profile: "default"
2025-04-06T23:27:57.610+05:30  INFO 21724 --- [main] .s.d.r.c.RepositoryConfigurationDelegate : Bootstrapping Spring Data JPA repositories in DEFAULT mode.
2025-04-06T23:27:57.691+05:30  INFO 21724 --- [main] .s.d.r.c.RepositoryConfigurationDelegate : Finished Spring Data repository scanning in 72 ms. Found 5 JPA repository interfaces.
2025-04-06T23:27:58.095+05:30  WARN 21724 --- [main] ConfigServletWebServerApplicationContext : Exception encountered during context initialization - cancelling refresh attempt: org.springframework.context.ApplicationContextException: Unable to start web server
2025-04-06T23:27:58.104+05:30  INFO 21724 --- [main] .s.b.a.l.ConditionEvaluationReportLogger : 

Error starting ApplicationContext. To display the condition evaluation report re-run your application with 'debug' enabled.
2025-04-06T23:27:58.131+05:30 ERROR 21724 --- [main] o.s.b.d.LoggingFailureAnalysisReporter   : 

***************************
APPLICATION FAILED TO START
***************************

Description:

Failed to bind properties under 'server.error.include-stacktrace' to org.springframework.boot.autoconfigure.web.ErrorProperties$IncludeAttribute:

    Property: server.error.include-stacktrace
    Value: "always  # Changed from invalid 'on_trace_param' to 'always'"
    Origin: class path resource [application.properties] - 39:33
    Reason: failed to convert java.lang.String to org.springframework.boot.autoconfigure.web.ErrorProperties$IncludeAttribute (caused by java.lang.IllegalArgumentException: No enum constant org.springframework.boot.autoconfigure.web.ErrorProperties.IncludeAttribute.always  # Changed from invalid 'on_trace_param' to 'always')

Action:

Update your application's configuration. The following values are valid:

    ALWAYS
    NEVER
    ON_PARAM

2025-04-06T23:29:22.977+05:30  INFO 24864 --- [main] com.sevasangam.SevaSangamApplication     : Starting SevaSangamApplication using Java 21.0.4 with PID 24864 (D:\study material\CEP\Project\seva-sangam-backend\SEVASANGAM\target\classes started by vikas in D:\study material\CEP\Project\seva-sangam-backend\SEVASANGAM)
2025-04-06T23:29:22.979+05:30  INFO 24864 --- [main] com.sevasangam.SevaSangamApplication     : No active profile set, falling back to 1 default profile: "default"
2025-04-06T23:29:23.844+05:30  INFO 24864 --- [main] .s.d.r.c.RepositoryConfigurationDelegate : Bootstrapping Spring Data JPA repositories in DEFAULT mode.
2025-04-06T23:29:23.916+05:30  INFO 24864 --- [main] .s.d.r.c.RepositoryConfigurationDelegate : Finished Spring Data repository scanning in 60 ms. Found 5 JPA repository interfaces.
2025-04-06T23:29:24.341+05:30  WARN 24864 --- [main] ConfigServletWebServerApplicationContext : Exception encountered during context initialization - cancelling refresh attempt: org.springframework.context.ApplicationContextException: Unable to start web server
2025-04-06T23:29:24.351+05:30  INFO 24864 --- [main] .s.b.a.l.ConditionEvaluationReportLogger : 

Error starting ApplicationContext. To display the condition evaluation report re-run your application with 'debug' enabled.
2025-04-06T23:29:24.375+05:30 ERROR 24864 --- [main] o.s.b.d.LoggingFailureAnalysisReporter   : 

***************************
APPLICATION FAILED TO START
***************************

Description:

Failed to bind properties under 'server.error.include-stacktrace' to org.springframework.boot.autoconfigure.web.ErrorProperties$IncludeAttribute:

    Property: server.error.include-stacktrace
    Value: "ALWAYS  # Must be uppercase!"
    Origin: class path resource [application.properties] - 31:33
    Reason: failed to convert java.lang.String to org.springframework.boot.autoconfigure.web.ErrorProperties$IncludeAttribute (caused by java.lang.IllegalArgumentException: No enum constant org.springframework.boot.autoconfigure.web.ErrorProperties.IncludeAttribute.ALWAYS  # Must be uppercase!)

Action:

Update your application's configuration. The following values are valid:

    ALWAYS
    NEVER
    ON_PARAM

2025-04-06T23:29:54.481+05:30  INFO 20940 --- [main] com.sevasangam.SevaSangamApplication     : Starting SevaSangamApplication using Java 21.0.4 with PID 20940 (D:\study material\CEP\Project\seva-sangam-backend\SEVASANGAM\target\classes started by vikas in D:\study material\CEP\Project\seva-sangam-backend\SEVASANGAM)
2025-04-06T23:29:54.484+05:30  INFO 20940 --- [main] com.sevasangam.SevaSangamApplication     : No active profile set, falling back to 1 default profile: "default"
2025-04-06T23:29:55.312+05:30  INFO 20940 --- [main] .s.d.r.c.RepositoryConfigurationDelegate : Bootstrapping Spring Data JPA repositories in DEFAULT mode.
2025-04-06T23:29:55.381+05:30  INFO 20940 --- [main] .s.d.r.c.RepositoryConfigurationDelegate : Finished Spring Data repository scanning in 60 ms. Found 5 JPA repository interfaces.
2025-04-06T23:29:55.867+05:30  WARN 20940 --- [main] ConfigServletWebServerApplicationContext : Exception encountered during context initialization - cancelling refresh attempt: org.springframework.context.ApplicationContextException: Unable to start web server
2025-04-06T23:29:55.877+05:30  INFO 20940 --- [main] .s.b.a.l.ConditionEvaluationReportLogger : 

Error starting ApplicationContext. To display the condition evaluation report re-run your application with 'debug' enabled.
2025-04-06T23:29:55.896+05:30 ERROR 20940 --- [main] o.s.b.d.LoggingFailureAnalysisReporter   : 

***************************
APPLICATION FAILED TO START
***************************

Description:

Failed to bind properties under 'server.error.include-stacktrace' to org.springframework.boot.autoconfigure.web.ErrorProperties$IncludeAttribute:

    Property: server.error.include-stacktrace
    Value: "ALWAYS  # Must be uppercase!"
    Origin: class path resource [application.properties] - 31:33
    Reason: failed to convert java.lang.String to org.springframework.boot.autoconfigure.web.ErrorProperties$IncludeAttribute (caused by java.lang.IllegalArgumentException: No enum constant org.springframework.boot.autoconfigure.web.ErrorProperties.IncludeAttribute.ALWAYS  # Must be uppercase!)

Action:

Update your application's configuration. The following values are valid:

    ALWAYS
    NEVER
    ON_PARAM

2025-04-06T23:33:53.843+05:30  INFO 23684 --- [main] com.sevasangam.SevaSangamApplication     : Starting SevaSangamApplication using Java 21.0.4 with PID 23684 (D:\study material\CEP\Project\seva-sangam-backend\SEVASANGAM\target\classes started by vikas in D:\study material\CEP\Project\seva-sangam-backend\SEVASANGAM)
2025-04-06T23:33:53.845+05:30  INFO 23684 --- [main] com.sevasangam.SevaSangamApplication     : No active profile set, falling back to 1 default profile: "default"
2025-04-06T23:33:54.714+05:30  INFO 23684 --- [main] .s.d.r.c.RepositoryConfigurationDelegate : Bootstrapping Spring Data JPA repositories in DEFAULT mode.
2025-04-06T23:33:54.787+05:30  INFO 23684 --- [main] .s.d.r.c.RepositoryConfigurationDelegate : Finished Spring Data repository scanning in 63 ms. Found 5 JPA repository interfaces.
2025-04-06T23:33:55.625+05:30  INFO 23684 --- [main] o.s.b.w.embedded.tomcat.TomcatWebServer  : Tomcat initialized with port(s): 8081 (http)
2025-04-06T23:33:55.639+05:30  INFO 23684 --- [main] o.apache.catalina.core.StandardService   : Starting service [Tomcat]
2025-04-06T23:33:55.640+05:30  INFO 23684 --- [main] o.apache.catalina.core.StandardEngine    : Starting Servlet engine: [Apache Tomcat/10.1.15]
2025-04-06T23:33:55.744+05:30  INFO 23684 --- [main] o.a.c.c.C.[Tomcat].[localhost].[/api]    : Initializing Spring embedded WebApplicationContext
2025-04-06T23:33:55.744+05:30  INFO 23684 --- [main] w.s.c.ServletWebServerApplicationContext : Root WebApplicationContext: initialization completed in 1841 ms
2025-04-06T23:33:55.967+05:30  INFO 23684 --- [main] o.f.c.internal.license.VersionPrinter    : Flyway Community Edition 9.16.3 by Redgate
2025-04-06T23:33:55.967+05:30  INFO 23684 --- [main] o.f.c.internal.license.VersionPrinter    : See release notes here: https://rd.gt/416ObMi
2025-04-06T23:33:55.967+05:30  INFO 23684 --- [main] o.f.c.internal.license.VersionPrinter    : 
2025-04-06T23:33:55.977+05:30  INFO 23684 --- [main] com.zaxxer.hikari.HikariDataSource       : HikariPool-1 - Starting...
2025-04-06T23:33:56.134+05:30  INFO 23684 --- [main] com.zaxxer.hikari.pool.HikariPool        : HikariPool-1 - Added connection org.postgresql.jdbc.PgConnection@6dce59e
2025-04-06T23:33:56.135+05:30  INFO 23684 --- [main] com.zaxxer.hikari.HikariDataSource       : HikariPool-1 - Start completed.
2025-04-06T23:33:56.155+05:30  INFO 23684 --- [main] o.f.c.i.database.base.BaseDatabaseType   : Database: jdbc:postgresql://localhost:5432/seva_sangam (PostgreSQL 17.0)
2025-04-06T23:33:56.163+05:30  WARN 23684 --- [main] o.f.c.internal.database.base.Database    : Flyway upgrade recommended: PostgreSQL 17.0 is newer than this version of Flyway and support has not been tested. The latest supported version of PostgreSQL is 15.
2025-04-06T23:33:56.179+05:30  INFO 23684 --- [main] o.f.c.i.s.JdbcTableSchemaHistory         : Schema history table "public"."flyway_schema_history" does not exist yet
2025-04-06T23:33:56.181+05:30  INFO 23684 --- [main] o.f.core.internal.command.DbValidate     : Successfully validated 0 migrations (execution time 00:00.006s)
2025-04-06T23:33:56.181+05:30  WARN 23684 --- [main] o.f.core.internal.command.DbValidate     : No migrations found. Are your locations set up correctly?
2025-04-06T23:33:56.203+05:30  INFO 23684 --- [main] o.f.c.i.s.JdbcTableSchemaHistory         : Creating Schema History table "public"."flyway_schema_history" ...
2025-04-06T23:33:56.289+05:30  INFO 23684 --- [main] o.f.core.internal.command.DbMigrate      : Current version of schema "public": << Empty Schema >>
2025-04-06T23:33:56.292+05:30  INFO 23684 --- [main] o.f.core.internal.command.DbMigrate      : Schema "public" is up to date. No migration necessary.
2025-04-06T23:33:56.427+05:30  INFO 23684 --- [main] o.hibernate.jpa.internal.util.LogHelper  : HHH000204: Processing PersistenceUnitInfo [name: default]
2025-04-06T23:33:56.484+05:30  INFO 23684 --- [main] org.hibernate.Version                    : HHH000412: Hibernate ORM core version 6.2.13.Final
2025-04-06T23:33:56.490+05:30  INFO 23684 --- [main] org.hibernate.cfg.Environment            : HHH000406: Using bytecode reflection optimizer
2025-04-06T23:33:56.835+05:30  INFO 23684 --- [main] o.s.o.j.p.SpringPersistenceUnitInfo      : No LoadTimeWeaver setup: ignoring JPA class transformer
2025-04-06T23:33:56.879+05:30  WARN 23684 --- [main] org.hibernate.orm.deprecation            : HHH90000025: PostgreSQLDialect does not need to be specified explicitly using 'hibernate.dialect' (remove the property setting and it will be selected by default)
2025-04-06T23:33:57.649+05:30  INFO 23684 --- [main] o.h.e.t.j.p.i.JtaPlatformInitiator       : HHH000489: No JTA platform available (set 'hibernate.transaction.jta.platform' to enable JTA platform integration)
2025-04-06T23:33:57.719+05:30 DEBUG 23684 --- [main] org.hibernate.SQL                        : 
    create table campaigns (
        id bigserial not null,
        campaign_image varchar(255),
        campaign_status varchar(255),
        category varchar(255),
        collected_amount float(53),
        description varchar(255),
        end_date timestamp(6),
        start_date timestamp(6),
        target_amount float(53),
        title varchar(255),
        ngo_id bigint,
        primary key (id)
    )
2025-04-06T23:33:57.724+05:30 DEBUG 23684 --- [main] org.hibernate.SQL                        : 
    create table donations (
        id bigserial not null,
        amount float(53),
        donation_date timestamp(6),
        donation_type varchar(255),
        message varchar(255),
        payment_id varchar(255),
        payment_status varchar(255),
        campaign_id bigint,
        donor_id bigint,
        ngo_id bigint,
        primary key (id)
    )
2025-04-06T23:33:57.728+05:30 DEBUG 23684 --- [main] org.hibernate.SQL                        : 
    create table donors (
        id bigserial not null,
        occupation varchar(255),
        pan_card varchar(255),
        user_id bigint,
        primary key (id)
    )
2025-04-06T23:33:57.732+05:30 DEBUG 23684 --- [main] org.hibernate.SQL                        : 
    create table ngos (
        id bigserial not null,
        is_verified boolean not null,
        ngo_description varchar(255),
        ngo_logo varchar(255),
        ngo_name varchar(255),
        ngo_registration_certificate varchar(255),
        ngo_registration_number varchar(255),
        ngo_type varchar(255),
        ngo_website varchar(255),
        user_id bigint,
        primary key (id)
    )
2025-04-06T23:33:57.737+05:30 DEBUG 23684 --- [main] org.hibernate.SQL                        : 
    create table users (
        id bigserial not null,
        address varchar(255),
        city varchar(255),
        country varchar(255),
        email varchar(255),
        is_verified boolean not null,
        name varchar(255),
        password varchar(255),
        phone varchar(255),
        pincode varchar(255),
        profile_image varchar(255),
        role varchar(255),
        state varchar(255),
        verification_token varchar(255),
        primary key (id)
    )
2025-04-06T23:33:57.741+05:30 DEBUG 23684 --- [main] org.hibernate.SQL                        : 
    alter table if exists donors 
       drop constraint if exists UK_4qgpfd2ct0r5uxwu197g6ruq3
2025-04-06T23:33:57.744+05:30  WARN 23684 --- [main] o.h.engine.jdbc.spi.SqlExceptionHelper   : SQL Warning Code: 0, SQLState: 00000
2025-04-06T23:33:57.744+05:30  WARN 23684 --- [main] o.h.engine.jdbc.spi.SqlExceptionHelper   : constraint "uk_4qgpfd2ct0r5uxwu197g6ruq3" of relation "donors" does not exist, skipping
2025-04-06T23:33:57.745+05:30 DEBUG 23684 --- [main] org.hibernate.SQL                        : 
    alter table if exists donors 
       add constraint UK_4qgpfd2ct0r5uxwu197g6ruq3 unique (user_id)
2025-04-06T23:33:57.746+05:30 DEBUG 23684 --- [main] org.hibernate.SQL                        : 
    alter table if exists ngos 
       drop constraint if exists UK_63ot46os7nq8mxqjwqob1uvnk
2025-04-06T23:33:57.747+05:30  WARN 23684 --- [main] o.h.engine.jdbc.spi.SqlExceptionHelper   : SQL Warning Code: 0, SQLState: 00000
2025-04-06T23:33:57.747+05:30  WARN 23684 --- [main] o.h.engine.jdbc.spi.SqlExceptionHelper   : constraint "uk_63ot46os7nq8mxqjwqob1uvnk" of relation "ngos" does not exist, skipping
2025-04-06T23:33:57.747+05:30 DEBUG 23684 --- [main] org.hibernate.SQL                        : 
    alter table if exists ngos 
       add constraint UK_63ot46os7nq8mxqjwqob1uvnk unique (user_id)
2025-04-06T23:33:57.749+05:30 DEBUG 23684 --- [main] org.hibernate.SQL                        : 
    alter table if exists campaigns 
       add constraint FKbck4fii0upwoufnttwymk3nqd 
       foreign key (ngo_id) 
       references ngos
2025-04-06T23:33:57.753+05:30 DEBUG 23684 --- [main] org.hibernate.SQL                        : 
    alter table if exists donations 
       add constraint FKr5m6trggwgkgoanlalgea1psh 
       foreign key (campaign_id) 
       references campaigns
2025-04-06T23:33:57.754+05:30 DEBUG 23684 --- [main] org.hibernate.SQL                        : 
    alter table if exists donations 
       add constraint FK1xqpcjicjb1juat5f8itmxj2t 
       foreign key (donor_id) 
       references donors
2025-04-06T23:33:57.756+05:30 DEBUG 23684 --- [main] org.hibernate.SQL                        : 
    alter table if exists donations 
       add constraint FKr0sv4srewo2aktw3b3t81on4q 
       foreign key (ngo_id) 
       references ngos
2025-04-06T23:33:57.757+05:30 DEBUG 23684 --- [main] org.hibernate.SQL                        : 
    alter table if exists donors 
       add constraint FK7yvkt9vykj2821nmokaph275j 
       foreign key (user_id) 
       references users
2025-04-06T23:33:57.758+05:30 DEBUG 23684 --- [main] org.hibernate.SQL                        : 
    alter table if exists ngos 
       add constraint FKhqdy60g46a97huoi7ue1ln77h 
       foreign key (user_id) 
       references users
2025-04-06T23:33:57.761+05:30  INFO 23684 --- [main] j.LocalContainerEntityManagerFactoryBean : Initialized JPA EntityManagerFactory for persistence unit 'default'
2025-04-06T23:33:58.389+05:30  WARN 23684 --- [main] JpaBaseConfiguration$JpaWebConfiguration : spring.jpa.open-in-view is enabled by default. Therefore, database queries may be performed during view rendering. Explicitly configure spring.jpa.open-in-view to disable this warning
2025-04-06T23:33:58.421+05:30  WARN 23684 --- [main] .s.s.UserDetailsServiceAutoConfiguration : 

Using generated security password: 1237f68c-c9f6-4a60-b1bb-805edc16885a

This generated password is for development use only. Your security configuration must be updated before running your application in production.

2025-04-06T23:33:58.731+05:30  INFO 23684 --- [main] o.s.s.web.DefaultSecurityFilterChain     : Will secure any request with [org.springframework.security.web.session.DisableEncodeUrlFilter@6cd65042, org.springframework.security.web.context.request.async.WebAsyncManagerIntegrationFilter@7674f9d4, org.springframework.security.web.context.SecurityContextHolderFilter@da5b46f, org.springframework.security.web.header.HeaderWriterFilter@470866d1, org.springframework.security.web.csrf.CsrfFilter@755033c5, org.springframework.security.web.authentication.logout.LogoutFilter@78e59b04, org.springframework.security.web.authentication.UsernamePasswordAuthenticationFilter@50d6af87, org.springframework.security.web.authentication.ui.DefaultLoginPageGeneratingFilter@5c1ea00, org.springframework.security.web.authentication.ui.DefaultLogoutPageGeneratingFilter@4b5ceb5d, org.springframework.security.web.authentication.www.BasicAuthenticationFilter@7e5c8c80, org.springframework.security.web.savedrequest.RequestCacheAwareFilter@2b6ff016, org.springframework.security.web.servletapi.SecurityContextHolderAwareRequestFilter@5c30decf, org.springframework.security.web.authentication.AnonymousAuthenticationFilter@22a2e581, org.springframework.security.web.access.ExceptionTranslationFilter@2604940, org.springframework.security.web.access.intercept.AuthorizationFilter@70ab1ce0]
2025-04-06T23:33:59.226+05:30  INFO 23684 --- [main] o.s.b.w.embedded.tomcat.TomcatWebServer  : Tomcat started on port(s): 8081 (http) with context path '/api'
2025-04-06T23:33:59.232+05:30  INFO 23684 --- [main] com.sevasangam.SevaSangamApplication     : Started SevaSangamApplication in 5.861 seconds (process running for 6.316)
2025-04-06T23:35:23.740+05:30  INFO 23684 --- [http-nio-8081-exec-1] o.a.c.c.C.[Tomcat].[localhost].[/api]    : Initializing Spring DispatcherServlet 'dispatcherServlet'
2025-04-06T23:35:23.741+05:30  INFO 23684 --- [http-nio-8081-exec-1] o.s.web.servlet.DispatcherServlet        : Initializing Servlet 'dispatcherServlet'
2025-04-06T23:35:23.742+05:30  INFO 23684 --- [http-nio-8081-exec-1] o.s.web.servlet.DispatcherServlet        : Completed initialization in 1 ms
2025-04-06T23:54:43.394+05:30  INFO 23684 --- [SpringApplicationShutdownHook] j.LocalContainerEntityManagerFactoryBean : Closing JPA EntityManagerFactory for persistence unit 'default'
2025-04-06T23:54:43.398+05:30  INFO 23684 --- [SpringApplicationShutdownHook] com.zaxxer.hikari.HikariDataSource       : HikariPool-1 - Shutdown initiated...
2025-04-06T23:54:43.406+05:30  INFO 23684 --- [SpringApplicationShutdownHook] com.zaxxer.hikari.HikariDataSource       : HikariPool-1 - Shutdown completed.
2025-04-06T23:54:47.396+05:30  INFO 2660 --- [main] com.sevasangam.SevaSangamApplication     : Starting SevaSangamApplication using Java 21.0.4 with PID 2660 (D:\study material\CEP\Project\seva-sangam-backend\SEVASANGAM\target\classes started by vikas in D:\study material\CEP\Project\seva-sangam-backend\SEVASANGAM)
2025-04-06T23:54:47.400+05:30  INFO 2660 --- [main] com.sevasangam.SevaSangamApplication     : No active profile set, falling back to 1 default profile: "default"
2025-04-06T23:54:48.287+05:30  INFO 2660 --- [main] .s.d.r.c.RepositoryConfigurationDelegate : Bootstrapping Spring Data JPA repositories in DEFAULT mode.
2025-04-06T23:54:48.361+05:30  INFO 2660 --- [main] .s.d.r.c.RepositoryConfigurationDelegate : Finished Spring Data repository scanning in 64 ms. Found 5 JPA repository interfaces.
2025-04-06T23:54:49.159+05:30  INFO 2660 --- [main] o.s.b.w.embedded.tomcat.TomcatWebServer  : Tomcat initialized with port(s): 8081 (http)
2025-04-06T23:54:49.171+05:30  INFO 2660 --- [main] o.apache.catalina.core.StandardService   : Starting service [Tomcat]
2025-04-06T23:54:49.180+05:30  INFO 2660 --- [main] o.apache.catalina.core.StandardEngine    : Starting Servlet engine: [Apache Tomcat/10.1.15]
2025-04-06T23:54:49.286+05:30  INFO 2660 --- [main] o.a.c.c.C.[Tomcat].[localhost].[/api]    : Initializing Spring embedded WebApplicationContext
2025-04-06T23:54:49.286+05:30  INFO 2660 --- [main] w.s.c.ServletWebServerApplicationContext : Root WebApplicationContext: initialization completed in 1821 ms
2025-04-06T23:54:49.464+05:30  INFO 2660 --- [main] o.f.c.internal.license.VersionPrinter    : Flyway Community Edition 9.16.3 by Redgate
2025-04-06T23:54:49.464+05:30  INFO 2660 --- [main] o.f.c.internal.license.VersionPrinter    : See release notes here: https://rd.gt/416ObMi
2025-04-06T23:54:49.465+05:30  INFO 2660 --- [main] o.f.c.internal.license.VersionPrinter    : 
2025-04-06T23:54:49.470+05:30  INFO 2660 --- [main] com.zaxxer.hikari.HikariDataSource       : HikariPool-1 - Starting...
2025-04-06T23:54:49.608+05:30  INFO 2660 --- [main] com.zaxxer.hikari.pool.HikariPool        : HikariPool-1 - Added connection org.postgresql.jdbc.PgConnection@4293e066
2025-04-06T23:54:49.610+05:30  INFO 2660 --- [main] com.zaxxer.hikari.HikariDataSource       : HikariPool-1 - Start completed.
2025-04-06T23:54:49.631+05:30  INFO 2660 --- [main] o.f.c.i.database.base.BaseDatabaseType   : Database: jdbc:postgresql://localhost:5432/seva_sangam (PostgreSQL 17.0)
2025-04-06T23:54:49.648+05:30  WARN 2660 --- [main] o.f.c.internal.database.base.Database    : Flyway upgrade recommended: PostgreSQL 17.0 is newer than this version of Flyway and support has not been tested. The latest supported version of PostgreSQL is 15.
2025-04-06T23:54:49.666+05:30  INFO 2660 --- [main] o.f.core.internal.command.DbValidate     : Successfully validated 0 migrations (execution time 00:00.009s)
2025-04-06T23:54:49.666+05:30  WARN 2660 --- [main] o.f.core.internal.command.DbValidate     : No migrations found. Are your locations set up correctly?
2025-04-06T23:54:49.740+05:30  INFO 2660 --- [main] o.f.core.internal.command.DbMigrate      : Current version of schema "public": << Empty Schema >>
2025-04-06T23:54:49.753+05:30  INFO 2660 --- [main] o.f.core.internal.command.DbMigrate      : Schema "public" is up to date. No migration necessary.
2025-04-06T23:54:49.841+05:30  INFO 2660 --- [main] o.hibernate.jpa.internal.util.LogHelper  : HHH000204: Processing PersistenceUnitInfo [name: default]
2025-04-06T23:54:49.876+05:30  INFO 2660 --- [main] org.hibernate.Version                    : HHH000412: Hibernate ORM core version 6.2.13.Final
2025-04-06T23:54:49.878+05:30  INFO 2660 --- [main] org.hibernate.cfg.Environment            : HHH000406: Using bytecode reflection optimizer
2025-04-06T23:54:50.201+05:30  INFO 2660 --- [main] o.s.o.j.p.SpringPersistenceUnitInfo      : No LoadTimeWeaver setup: ignoring JPA class transformer
2025-04-06T23:54:50.241+05:30  WARN 2660 --- [main] org.hibernate.orm.deprecation            : HHH90000025: PostgreSQLDialect does not need to be specified explicitly using 'hibernate.dialect' (remove the property setting and it will be selected by default)
2025-04-06T23:54:50.973+05:30  INFO 2660 --- [main] o.h.e.t.j.p.i.JtaPlatformInitiator       : HHH000489: No JTA platform available (set 'hibernate.transaction.jta.platform' to enable JTA platform integration)
2025-04-06T23:54:51.081+05:30  INFO 2660 --- [main] j.LocalContainerEntityManagerFactoryBean : Initialized JPA EntityManagerFactory for persistence unit 'default'
2025-04-06T23:54:51.721+05:30  WARN 2660 --- [main] JpaBaseConfiguration$JpaWebConfiguration : spring.jpa.open-in-view is enabled by default. Therefore, database queries may be performed during view rendering. Explicitly configure spring.jpa.open-in-view to disable this warning
2025-04-06T23:54:51.766+05:30  WARN 2660 --- [main] .s.s.UserDetailsServiceAutoConfiguration : 

Using generated security password: a40f7297-6079-4781-bf30-1ce0d75bc3a8

This generated password is for development use only. Your security configuration must be updated before running your application in production.

2025-04-06T23:54:51.948+05:30  INFO 2660 --- [main] o.s.s.web.DefaultSecurityFilterChain     : Will secure any request with [org.springframework.security.web.session.DisableEncodeUrlFilter@22a1d77b, org.springframework.security.web.context.request.async.WebAsyncManagerIntegrationFilter@6f30d0eb, org.springframework.security.web.context.SecurityContextHolderFilter@215f8d7, org.springframework.security.web.header.HeaderWriterFilter@32eb38e5, org.springframework.security.web.csrf.CsrfFilter@115924ba, org.springframework.security.web.authentication.logout.LogoutFilter@2e096ac0, org.springframework.security.web.authentication.UsernamePasswordAuthenticationFilter@229c4d34, org.springframework.security.web.authentication.ui.DefaultLoginPageGeneratingFilter@532e00bd, org.springframework.security.web.authentication.ui.DefaultLogoutPageGeneratingFilter@22fe90df, org.springframework.security.web.authentication.www.BasicAuthenticationFilter@6de4071b, org.springframework.security.web.savedrequest.RequestCacheAwareFilter@34a99d8, org.springframework.security.web.servletapi.SecurityContextHolderAwareRequestFilter@3b3b2290, org.springframework.security.web.authentication.AnonymousAuthenticationFilter@2604940, org.springframework.security.web.access.ExceptionTranslationFilter@206e5183, org.springframework.security.web.access.intercept.AuthorizationFilter@755033c5]
2025-04-06T23:54:52.534+05:30  INFO 2660 --- [main] o.s.b.w.embedded.tomcat.TomcatWebServer  : Tomcat started on port(s): 8081 (http) with context path '/api'
2025-04-06T23:54:52.543+05:30  INFO 2660 --- [main] com.sevasangam.SevaSangamApplication     : Started SevaSangamApplication in 5.691 seconds (process running for 6.103)
2025-04-06T23:55:56.681+05:30  INFO 2660 --- [SpringApplicationShutdownHook] j.LocalContainerEntityManagerFactoryBean : Closing JPA EntityManagerFactory for persistence unit 'default'
2025-04-06T23:55:56.684+05:30  INFO 2660 --- [SpringApplicationShutdownHook] com.zaxxer.hikari.HikariDataSource       : HikariPool-1 - Shutdown initiated...
2025-04-06T23:55:56.693+05:30  INFO 2660 --- [SpringApplicationShutdownHook] com.zaxxer.hikari.HikariDataSource       : HikariPool-1 - Shutdown completed.
2025-04-06T23:56:00.570+05:30  INFO 24868 --- [main] com.sevasangam.SevaSangamApplication     : Starting SevaSangamApplication using Java 21.0.4 with PID 24868 (D:\study material\CEP\Project\seva-sangam-backend\SEVASANGAM\target\classes started by vikas in D:\study material\CEP\Project\seva-sangam-backend\SEVASANGAM)
2025-04-06T23:56:00.572+05:30  INFO 24868 --- [main] com.sevasangam.SevaSangamApplication     : No active profile set, falling back to 1 default profile: "default"
2025-04-06T23:56:01.373+05:30  INFO 24868 --- [main] .s.d.r.c.RepositoryConfigurationDelegate : Bootstrapping Spring Data JPA repositories in DEFAULT mode.
2025-04-06T23:56:01.438+05:30  INFO 24868 --- [main] .s.d.r.c.RepositoryConfigurationDelegate : Finished Spring Data repository scanning in 57 ms. Found 5 JPA repository interfaces.
2025-04-06T23:56:02.252+05:30  INFO 24868 --- [main] o.s.b.w.embedded.tomcat.TomcatWebServer  : Tomcat initialized with port(s): 8081 (http)
2025-04-06T23:56:02.263+05:30  INFO 24868 --- [main] o.apache.catalina.core.StandardService   : Starting service [Tomcat]
2025-04-06T23:56:02.263+05:30  INFO 24868 --- [main] o.apache.catalina.core.StandardEngine    : Starting Servlet engine: [Apache Tomcat/10.1.15]
2025-04-06T23:56:02.388+05:30  INFO 24868 --- [main] o.a.c.c.C.[Tomcat].[localhost].[/api]    : Initializing Spring embedded WebApplicationContext
2025-04-06T23:56:02.389+05:30  INFO 24868 --- [main] w.s.c.ServletWebServerApplicationContext : Root WebApplicationContext: initialization completed in 1757 ms
2025-04-06T23:56:02.636+05:30  INFO 24868 --- [main] o.f.c.internal.license.VersionPrinter    : Flyway Community Edition 9.16.3 by Redgate
2025-04-06T23:56:02.637+05:30  INFO 24868 --- [main] o.f.c.internal.license.VersionPrinter    : See release notes here: https://rd.gt/416ObMi
2025-04-06T23:56:02.637+05:30  INFO 24868 --- [main] o.f.c.internal.license.VersionPrinter    : 
2025-04-06T23:56:02.643+05:30  INFO 24868 --- [main] com.zaxxer.hikari.HikariDataSource       : HikariPool-1 - Starting...
2025-04-06T23:56:02.821+05:30  INFO 24868 --- [main] com.zaxxer.hikari.pool.HikariPool        : HikariPool-1 - Added connection org.postgresql.jdbc.PgConnection@4293e066
2025-04-06T23:56:02.823+05:30  INFO 24868 --- [main] com.zaxxer.hikari.HikariDataSource       : HikariPool-1 - Start completed.
2025-04-06T23:56:02.842+05:30  INFO 24868 --- [main] o.f.c.i.database.base.BaseDatabaseType   : Database: jdbc:postgresql://localhost:5432/seva_sangam (PostgreSQL 17.0)
2025-04-06T23:56:02.850+05:30  WARN 24868 --- [main] o.f.c.internal.database.base.Database    : Flyway upgrade recommended: PostgreSQL 17.0 is newer than this version of Flyway and support has not been tested. The latest supported version of PostgreSQL is 15.
2025-04-06T23:56:02.867+05:30  INFO 24868 --- [main] o.f.core.internal.command.DbValidate     : Successfully validated 0 migrations (execution time 00:00.008s)
2025-04-06T23:56:02.868+05:30  WARN 24868 --- [main] o.f.core.internal.command.DbValidate     : No migrations found. Are your locations set up correctly?
2025-04-06T23:56:02.912+05:30  INFO 24868 --- [main] o.f.core.internal.command.DbMigrate      : Current version of schema "public": << Empty Schema >>
2025-04-06T23:56:02.919+05:30  INFO 24868 --- [main] o.f.core.internal.command.DbMigrate      : Schema "public" is up to date. No migration necessary.
2025-04-06T23:56:03.123+05:30  INFO 24868 --- [main] o.hibernate.jpa.internal.util.LogHelper  : HHH000204: Processing PersistenceUnitInfo [name: default]
2025-04-06T23:56:03.178+05:30  INFO 24868 --- [main] org.hibernate.Version                    : HHH000412: Hibernate ORM core version 6.2.13.Final
2025-04-06T23:56:03.180+05:30  INFO 24868 --- [main] org.hibernate.cfg.Environment            : HHH000406: Using bytecode reflection optimizer
2025-04-06T23:56:03.599+05:30  INFO 24868 --- [main] o.s.o.j.p.SpringPersistenceUnitInfo      : No LoadTimeWeaver setup: ignoring JPA class transformer
2025-04-06T23:56:03.651+05:30  WARN 24868 --- [main] org.hibernate.orm.deprecation            : HHH90000025: PostgreSQLDialect does not need to be specified explicitly using 'hibernate.dialect' (remove the property setting and it will be selected by default)
2025-04-06T23:56:04.421+05:30  INFO 24868 --- [main] o.h.e.t.j.p.i.JtaPlatformInitiator       : HHH000489: No JTA platform available (set 'hibernate.transaction.jta.platform' to enable JTA platform integration)
2025-04-06T23:56:04.509+05:30  INFO 24868 --- [main] j.LocalContainerEntityManagerFactoryBean : Initialized JPA EntityManagerFactory for persistence unit 'default'
2025-04-06T23:56:05.197+05:30  WARN 24868 --- [main] JpaBaseConfiguration$JpaWebConfiguration : spring.jpa.open-in-view is enabled by default. Therefore, database queries may be performed during view rendering. Explicitly configure spring.jpa.open-in-view to disable this warning
2025-04-06T23:56:05.221+05:30  WARN 24868 --- [main] .s.s.UserDetailsServiceAutoConfiguration : 

Using generated security password: ee668073-688b-4e8d-98b1-3687120e3d8d

This generated password is for development use only. Your security configuration must be updated before running your application in production.

2025-04-06T23:56:05.476+05:30  INFO 24868 --- [main] o.s.s.web.DefaultSecurityFilterChain     : Will secure any request with [org.springframework.security.web.session.DisableEncodeUrlFilter@22a1d77b, org.springframework.security.web.context.request.async.WebAsyncManagerIntegrationFilter@6f30d0eb, org.springframework.security.web.context.SecurityContextHolderFilter@215f8d7, org.springframework.security.web.header.HeaderWriterFilter@32eb38e5, org.springframework.security.web.csrf.CsrfFilter@115924ba, org.springframework.security.web.authentication.logout.LogoutFilter@2e096ac0, org.springframework.security.web.authentication.UsernamePasswordAuthenticationFilter@229c4d34, org.springframework.security.web.authentication.ui.DefaultLoginPageGeneratingFilter@532e00bd, org.springframework.security.web.authentication.ui.DefaultLogoutPageGeneratingFilter@22fe90df, org.springframework.security.web.authentication.www.BasicAuthenticationFilter@6de4071b, org.springframework.security.web.savedrequest.RequestCacheAwareFilter@34a99d8, org.springframework.security.web.servletapi.SecurityContextHolderAwareRequestFilter@3b3b2290, org.springframework.security.web.authentication.AnonymousAuthenticationFilter@2604940, org.springframework.security.web.access.ExceptionTranslationFilter@206e5183, org.springframework.security.web.access.intercept.AuthorizationFilter@755033c5]
2025-04-06T23:56:05.973+05:30  INFO 24868 --- [main] o.s.b.w.embedded.tomcat.TomcatWebServer  : Tomcat started on port(s): 8081 (http) with context path '/api'
2025-04-06T23:56:05.982+05:30  INFO 24868 --- [main] com.sevasangam.SevaSangamApplication     : Started SevaSangamApplication in 5.856 seconds (process running for 6.224)
2025-04-06T23:56:38.958+05:30  INFO 24868 --- [http-nio-8081-exec-1] o.a.c.c.C.[Tomcat].[localhost].[/api]    : Initializing Spring DispatcherServlet 'dispatcherServlet'
2025-04-06T23:56:38.958+05:30  INFO 24868 --- [http-nio-8081-exec-1] o.s.web.servlet.DispatcherServlet        : Initializing Servlet 'dispatcherServlet'
2025-04-06T23:56:38.962+05:30  INFO 24868 --- [http-nio-8081-exec-1] o.s.web.servlet.DispatcherServlet        : Completed initialization in 4 ms
2025-04-06T23:58:38.715+05:30  INFO 24868 --- [SpringApplicationShutdownHook] j.LocalContainerEntityManagerFactoryBean : Closing JPA EntityManagerFactory for persistence unit 'default'
2025-04-06T23:58:38.717+05:30  INFO 24868 --- [SpringApplicationShutdownHook] com.zaxxer.hikari.HikariDataSource       : HikariPool-1 - Shutdown initiated...
2025-04-06T23:58:38.730+05:30  INFO 24868 --- [SpringApplicationShutdownHook] com.zaxxer.hikari.HikariDataSource       : HikariPool-1 - Shutdown completed.
2025-04-06T23:58:41.866+05:30  INFO 8040 --- [main] com.sevasangam.SevaSangamApplication     : Starting SevaSangamApplication using Java 21.0.4 with PID 8040 (D:\study material\CEP\Project\seva-sangam-backend\SEVASANGAM\target\classes started by vikas in D:\study material\CEP\Project\seva-sangam-backend\SEVASANGAM)
2025-04-06T23:58:41.869+05:30  INFO 8040 --- [main] com.sevasangam.SevaSangamApplication     : No active profile set, falling back to 1 default profile: "default"
2025-04-06T23:58:42.689+05:30  INFO 8040 --- [main] .s.d.r.c.RepositoryConfigurationDelegate : Bootstrapping Spring Data JPA repositories in DEFAULT mode.
2025-04-06T23:58:42.758+05:30  INFO 8040 --- [main] .s.d.r.c.RepositoryConfigurationDelegate : Finished Spring Data repository scanning in 60 ms. Found 5 JPA repository interfaces.
2025-04-06T23:58:43.460+05:30  INFO 8040 --- [main] o.s.b.w.embedded.tomcat.TomcatWebServer  : Tomcat initialized with port(s): 8081 (http)
2025-04-06T23:58:43.476+05:30  INFO 8040 --- [main] o.apache.catalina.core.StandardService   : Starting service [Tomcat]
2025-04-06T23:58:43.476+05:30  INFO 8040 --- [main] o.apache.catalina.core.StandardEngine    : Starting Servlet engine: [Apache Tomcat/10.1.15]
2025-04-06T23:58:43.597+05:30  INFO 8040 --- [main] o.a.c.c.C.[Tomcat].[localhost].[/api]    : Initializing Spring embedded WebApplicationContext
2025-04-06T23:58:43.598+05:30  INFO 8040 --- [main] w.s.c.ServletWebServerApplicationContext : Root WebApplicationContext: initialization completed in 1670 ms
2025-04-06T23:58:43.826+05:30  INFO 8040 --- [main] o.f.c.internal.license.VersionPrinter    : Flyway Community Edition 9.16.3 by Redgate
2025-04-06T23:58:43.826+05:30  INFO 8040 --- [main] o.f.c.internal.license.VersionPrinter    : See release notes here: https://rd.gt/416ObMi
2025-04-06T23:58:43.826+05:30  INFO 8040 --- [main] o.f.c.internal.license.VersionPrinter    : 
2025-04-06T23:58:43.833+05:30  INFO 8040 --- [main] com.zaxxer.hikari.HikariDataSource       : HikariPool-1 - Starting...
2025-04-06T23:58:43.983+05:30  INFO 8040 --- [main] com.zaxxer.hikari.pool.HikariPool        : HikariPool-1 - Added connection org.postgresql.jdbc.PgConnection@4293e066
2025-04-06T23:58:43.984+05:30  INFO 8040 --- [main] com.zaxxer.hikari.HikariDataSource       : HikariPool-1 - Start completed.
2025-04-06T23:58:44.006+05:30  INFO 8040 --- [main] o.f.c.i.database.base.BaseDatabaseType   : Database: jdbc:postgresql://localhost:5432/seva_sangam (PostgreSQL 17.0)
2025-04-06T23:58:44.014+05:30  WARN 8040 --- [main] o.f.c.internal.database.base.Database    : Flyway upgrade recommended: PostgreSQL 17.0 is newer than this version of Flyway and support has not been tested. The latest supported version of PostgreSQL is 15.
2025-04-06T23:58:44.044+05:30  INFO 8040 --- [main] o.f.core.internal.command.DbValidate     : Successfully validated 0 migrations (execution time 00:00.013s)
2025-04-06T23:58:44.044+05:30  WARN 8040 --- [main] o.f.core.internal.command.DbValidate     : No migrations found. Are your locations set up correctly?
2025-04-06T23:58:44.133+05:30  INFO 8040 --- [main] o.f.core.internal.command.DbMigrate      : Current version of schema "public": << Empty Schema >>
2025-04-06T23:58:44.137+05:30  INFO 8040 --- [main] o.f.core.internal.command.DbMigrate      : Schema "public" is up to date. No migration necessary.
2025-04-06T23:58:44.225+05:30  INFO 8040 --- [main] o.hibernate.jpa.internal.util.LogHelper  : HHH000204: Processing PersistenceUnitInfo [name: default]
2025-04-06T23:58:44.260+05:30  INFO 8040 --- [main] org.hibernate.Version                    : HHH000412: Hibernate ORM core version 6.2.13.Final
2025-04-06T23:58:44.264+05:30  INFO 8040 --- [main] org.hibernate.cfg.Environment            : HHH000406: Using bytecode reflection optimizer
2025-04-06T23:58:44.620+05:30  INFO 8040 --- [main] o.s.o.j.p.SpringPersistenceUnitInfo      : No LoadTimeWeaver setup: ignoring JPA class transformer
2025-04-06T23:58:44.661+05:30  WARN 8040 --- [main] org.hibernate.orm.deprecation            : HHH90000025: PostgreSQLDialect does not need to be specified explicitly using 'hibernate.dialect' (remove the property setting and it will be selected by default)
2025-04-06T23:58:45.355+05:30  INFO 8040 --- [main] o.h.e.t.j.p.i.JtaPlatformInitiator       : HHH000489: No JTA platform available (set 'hibernate.transaction.jta.platform' to enable JTA platform integration)
2025-04-06T23:58:45.448+05:30  INFO 8040 --- [main] j.LocalContainerEntityManagerFactoryBean : Initialized JPA EntityManagerFactory for persistence unit 'default'
2025-04-06T23:58:46.135+05:30  WARN 8040 --- [main] JpaBaseConfiguration$JpaWebConfiguration : spring.jpa.open-in-view is enabled by default. Therefore, database queries may be performed during view rendering. Explicitly configure spring.jpa.open-in-view to disable this warning
2025-04-06T23:58:46.166+05:30  WARN 8040 --- [main] .s.s.UserDetailsServiceAutoConfiguration : 

Using generated security password: 97aebb52-4546-4d27-a9db-290866156c4a

This generated password is for development use only. Your security configuration must be updated before running your application in production.

2025-04-06T23:58:46.387+05:30  INFO 8040 --- [main] o.s.s.web.DefaultSecurityFilterChain     : Will secure any request with [org.springframework.security.web.session.DisableEncodeUrlFilter@22a1d77b, org.springframework.security.web.context.request.async.WebAsyncManagerIntegrationFilter@6f30d0eb, org.springframework.security.web.context.SecurityContextHolderFilter@215f8d7, org.springframework.security.web.header.HeaderWriterFilter@32eb38e5, org.springframework.security.web.csrf.CsrfFilter@115924ba, org.springframework.security.web.authentication.logout.LogoutFilter@2e096ac0, org.springframework.security.web.authentication.UsernamePasswordAuthenticationFilter@229c4d34, org.springframework.security.web.authentication.ui.DefaultLoginPageGeneratingFilter@532e00bd, org.springframework.security.web.authentication.ui.DefaultLogoutPageGeneratingFilter@22fe90df, org.springframework.security.web.authentication.www.BasicAuthenticationFilter@6de4071b, org.springframework.security.web.savedrequest.RequestCacheAwareFilter@34a99d8, org.springframework.security.web.servletapi.SecurityContextHolderAwareRequestFilter@3b3b2290, org.springframework.security.web.authentication.AnonymousAuthenticationFilter@2604940, org.springframework.security.web.access.ExceptionTranslationFilter@206e5183, org.springframework.security.web.access.intercept.AuthorizationFilter@755033c5]
2025-04-06T23:58:46.874+05:30  INFO 8040 --- [main] o.s.b.w.embedded.tomcat.TomcatWebServer  : Tomcat started on port(s): 8081 (http) with context path '/api'
2025-04-06T23:58:46.882+05:30  INFO 8040 --- [main] com.sevasangam.SevaSangamApplication     : Started SevaSangamApplication in 5.45 seconds (process running for 5.82)
2025-04-06T23:58:57.931+05:30  INFO 8040 --- [http-nio-8081-exec-1] o.a.c.c.C.[Tomcat].[localhost].[/api]    : Initializing Spring DispatcherServlet 'dispatcherServlet'
2025-04-06T23:58:57.932+05:30  INFO 8040 --- [http-nio-8081-exec-1] o.s.web.servlet.DispatcherServlet        : Initializing Servlet 'dispatcherServlet'
2025-04-06T23:58:57.933+05:30  INFO 8040 --- [http-nio-8081-exec-1] o.s.web.servlet.DispatcherServlet        : Completed initialization in 1 ms
2025-04-06T23:59:29.139+05:30  INFO 8040 --- [SpringApplicationShutdownHook] j.LocalContainerEntityManagerFactoryBean : Closing JPA EntityManagerFactory for persistence unit 'default'
2025-04-06T23:59:29.144+05:30  INFO 8040 --- [SpringApplicationShutdownHook] com.zaxxer.hikari.HikariDataSource       : HikariPool-1 - Shutdown initiated...
2025-04-06T23:59:29.153+05:30  INFO 8040 --- [SpringApplicationShutdownHook] com.zaxxer.hikari.HikariDataSource       : HikariPool-1 - Shutdown completed.
